0 info it worked if it ends with ok
1 verbose cli [ 'C:\\Program Files\\nodejs\\node.exe',
1 verbose cli   'C:\\Program Files\\nodejs\\node_modules\\npm\\bin\\npm-cli.js',
1 verbose cli   'install' ]
2 info using npm@3.10.10
3 info using node@v6.10.3
4 silly loadCurrentTree Starting
5 silly install loadCurrentTree
6 silly install readLocalPackageData
7 silly install normalizeTree
8 silly loadCurrentTree Finishing
9 silly loadIdealTree Starting
10 silly install loadIdealTree
11 silly cloneCurrentTree Starting
12 silly install cloneCurrentTreeToIdealTree
13 silly cloneCurrentTree Finishing
14 silly loadShrinkwrap Starting
15 silly install loadShrinkwrap
16 silly loadShrinkwrap Finishing
17 silly loadAllDepsIntoIdealTree Starting
18 silly install loadAllDepsIntoIdealTree
19 silly fetchNamedPackageData express
20 silly mapToRegistry name express
21 silly mapToRegistry using default registry
22 silly mapToRegistry registry https://registry.npmjs.org/
23 silly mapToRegistry data Result {
23 silly mapToRegistry   raw: 'express',
23 silly mapToRegistry   scope: null,
23 silly mapToRegistry   escapedName: 'express',
23 silly mapToRegistry   name: 'express',
23 silly mapToRegistry   rawSpec: '',
23 silly mapToRegistry   spec: 'latest',
23 silly mapToRegistry   type: 'tag' }
24 silly mapToRegistry uri https://registry.npmjs.org/express
25 silly fetchNamedPackageData stylus
26 silly mapToRegistry name stylus
27 silly mapToRegistry using default registry
28 silly mapToRegistry registry https://registry.npmjs.org/
29 silly mapToRegistry data Result {
29 silly mapToRegistry   raw: 'stylus',
29 silly mapToRegistry   scope: null,
29 silly mapToRegistry   escapedName: 'stylus',
29 silly mapToRegistry   name: 'stylus',
29 silly mapToRegistry   rawSpec: '',
29 silly mapToRegistry   spec: 'latest',
29 silly mapToRegistry   type: 'tag' }
30 silly mapToRegistry uri https://registry.npmjs.org/stylus
31 silly fetchNamedPackageData jade
32 silly mapToRegistry name jade
33 silly mapToRegistry using default registry
34 silly mapToRegistry registry https://registry.npmjs.org/
35 silly mapToRegistry data Result {
35 silly mapToRegistry   raw: 'jade',
35 silly mapToRegistry   scope: null,
35 silly mapToRegistry   escapedName: 'jade',
35 silly mapToRegistry   name: 'jade',
35 silly mapToRegistry   rawSpec: '',
35 silly mapToRegistry   spec: 'latest',
35 silly mapToRegistry   type: 'tag' }
36 silly mapToRegistry uri https://registry.npmjs.org/jade
37 silly fetchNamedPackageData moment
38 silly mapToRegistry name moment
39 silly mapToRegistry using default registry
40 silly mapToRegistry registry https://registry.npmjs.org/
41 silly mapToRegistry data Result {
41 silly mapToRegistry   raw: 'moment',
41 silly mapToRegistry   scope: null,
41 silly mapToRegistry   escapedName: 'moment',
41 silly mapToRegistry   name: 'moment',
41 silly mapToRegistry   rawSpec: '',
41 silly mapToRegistry   spec: 'latest',
41 silly mapToRegistry   type: 'tag' }
42 silly mapToRegistry uri https://registry.npmjs.org/moment
43 silly fetchNamedPackageData emailjs
44 silly mapToRegistry name emailjs
45 silly mapToRegistry using default registry
46 silly mapToRegistry registry https://registry.npmjs.org/
47 silly mapToRegistry data Result {
47 silly mapToRegistry   raw: 'emailjs',
47 silly mapToRegistry   scope: null,
47 silly mapToRegistry   escapedName: 'emailjs',
47 silly mapToRegistry   name: 'emailjs',
47 silly mapToRegistry   rawSpec: '',
47 silly mapToRegistry   spec: 'latest',
47 silly mapToRegistry   type: 'tag' }
48 silly mapToRegistry uri https://registry.npmjs.org/emailjs
49 silly fetchNamedPackageData rethinkdb
50 silly mapToRegistry name rethinkdb
51 silly mapToRegistry using default registry
52 silly mapToRegistry registry https://registry.npmjs.org/
53 silly mapToRegistry data Result {
53 silly mapToRegistry   raw: 'rethinkdb',
53 silly mapToRegistry   scope: null,
53 silly mapToRegistry   escapedName: 'rethinkdb',
53 silly mapToRegistry   name: 'rethinkdb',
53 silly mapToRegistry   rawSpec: '',
53 silly mapToRegistry   spec: 'latest',
53 silly mapToRegistry   type: 'tag' }
54 silly mapToRegistry uri https://registry.npmjs.org/rethinkdb
55 silly fetchNamedPackageData generic-pool
56 silly mapToRegistry name generic-pool
57 silly mapToRegistry using default registry
58 silly mapToRegistry registry https://registry.npmjs.org/
59 silly mapToRegistry data Result {
59 silly mapToRegistry   raw: 'generic-pool',
59 silly mapToRegistry   scope: null,
59 silly mapToRegistry   escapedName: 'generic-pool',
59 silly mapToRegistry   name: 'generic-pool',
59 silly mapToRegistry   rawSpec: '',
59 silly mapToRegistry   spec: 'latest',
59 silly mapToRegistry   type: 'tag' }
60 silly mapToRegistry uri https://registry.npmjs.org/generic-pool
61 verbose request uri https://registry.npmjs.org/jade
62 verbose request no auth needed
63 info attempt registry request try #1 at 14:09:55
64 verbose request id bd8f7fb1deb1e0e5
65 verbose etag W/"59230ad7-27b9d"
66 verbose lastModified Mon, 22 May 2017 15:59:19 GMT
67 http request GET https://registry.npmjs.org/jade
68 verbose request uri https://registry.npmjs.org/moment
69 verbose request no auth needed
70 info attempt registry request try #1 at 14:09:55
71 verbose etag W/"59312913-1c04f"
72 verbose lastModified Fri, 02 Jun 2017 09:00:03 GMT
73 http request GET https://registry.npmjs.org/moment
74 verbose request uri https://registry.npmjs.org/stylus
75 verbose request no auth needed
76 info attempt registry request try #1 at 14:09:55
77 verbose etag W/"591950e2-31483"
78 verbose lastModified Mon, 15 May 2017 06:55:30 GMT
79 http request GET https://registry.npmjs.org/stylus
80 verbose request uri https://registry.npmjs.org/express
81 verbose request no auth needed
82 info attempt registry request try #1 at 14:09:55
83 verbose etag W/"593273de-8cd3f"
84 verbose lastModified Sat, 03 Jun 2017 08:31:26 GMT
85 http request GET https://registry.npmjs.org/express
86 verbose request uri https://registry.npmjs.org/emailjs
87 verbose request no auth needed
88 info attempt registry request try #1 at 14:09:55
89 verbose etag W/"5925b66b-ed5a"
90 verbose lastModified Wed, 24 May 2017 16:35:55 GMT
91 http request GET https://registry.npmjs.org/emailjs
92 verbose request uri https://registry.npmjs.org/rethinkdb
93 verbose request no auth needed
94 info attempt registry request try #1 at 14:09:55
95 verbose etag W/"59247b67-d518"
96 verbose lastModified Tue, 23 May 2017 18:11:51 GMT
97 http request GET https://registry.npmjs.org/rethinkdb
98 verbose request uri https://registry.npmjs.org/generic-pool
99 verbose request no auth needed
100 info attempt registry request try #1 at 14:09:55
101 verbose etag W/"58fedcb8-1bbd3"
102 verbose lastModified Tue, 25 Apr 2017 05:20:56 GMT
103 http request GET https://registry.npmjs.org/generic-pool
104 http 304 https://registry.npmjs.org/emailjs
105 verbose headers { date: 'Sat, 03 Jun 2017 12:09:56 GMT',
105 verbose headers   via: '1.1 varnish',
105 verbose headers   'cache-control': 'max-age=300',
105 verbose headers   etag: 'W/"5925b66b-ed5a"',
105 verbose headers   age: '47',
105 verbose headers   connection: 'keep-alive',
105 verbose headers   'x-served-by': 'cache-hhn1540-HHN',
105 verbose headers   'x-cache': 'HIT',
105 verbose headers   'x-cache-hits': '1',
105 verbose headers   'x-timer': 'S1496491797.886621,VS0,VE0',
105 verbose headers   vary: 'Accept-Encoding' }
106 silly get cb [ 304,
106 silly get   { date: 'Sat, 03 Jun 2017 12:09:56 GMT',
106 silly get     via: '1.1 varnish',
106 silly get     'cache-control': 'max-age=300',
106 silly get     etag: 'W/"5925b66b-ed5a"',
106 silly get     age: '47',
106 silly get     connection: 'keep-alive',
106 silly get     'x-served-by': 'cache-hhn1540-HHN',
106 silly get     'x-cache': 'HIT',
106 silly get     'x-cache-hits': '1',
106 silly get     'x-timer': 'S1496491797.886621,VS0,VE0',
106 silly get     vary: 'Accept-Encoding' } ]
107 verbose etag https://registry.npmjs.org/emailjs from cache
108 verbose get saving emailjs to C:\Users\kovac\AppData\Roaming\npm-cache\registry.npmjs.org\emailjs\.cache.json
109 verbose correctMkdir C:\Users\kovac\AppData\Roaming\npm-cache correctMkdir not in flight; initializing
110 http 304 https://registry.npmjs.org/stylus
111 verbose headers { date: 'Sat, 03 Jun 2017 12:09:56 GMT',
111 verbose headers   via: '1.1 varnish',
111 verbose headers   'cache-control': 'max-age=300',
111 verbose headers   etag: 'W/"591950e2-31483"',
111 verbose headers   age: '48',
111 verbose headers   connection: 'keep-alive',
111 verbose headers   'x-served-by': 'cache-hhn1529-HHN',
111 verbose headers   'x-cache': 'HIT',
111 verbose headers   'x-cache-hits': '1',
111 verbose headers   'x-timer': 'S1496491797.880178,VS0,VE0',
111 verbose headers   vary: 'Accept-Encoding' }
112 silly get cb [ 304,
112 silly get   { date: 'Sat, 03 Jun 2017 12:09:56 GMT',
112 silly get     via: '1.1 varnish',
112 silly get     'cache-control': 'max-age=300',
112 silly get     etag: 'W/"591950e2-31483"',
112 silly get     age: '48',
112 silly get     connection: 'keep-alive',
112 silly get     'x-served-by': 'cache-hhn1529-HHN',
112 silly get     'x-cache': 'HIT',
112 silly get     'x-cache-hits': '1',
112 silly get     'x-timer': 'S1496491797.880178,VS0,VE0',
112 silly get     vary: 'Accept-Encoding' } ]
113 verbose etag https://registry.npmjs.org/stylus from cache
114 verbose get saving stylus to C:\Users\kovac\AppData\Roaming\npm-cache\registry.npmjs.org\stylus\.cache.json
115 verbose correctMkdir C:\Users\kovac\AppData\Roaming\npm-cache correctMkdir already in flight; waiting
116 http 304 https://registry.npmjs.org/generic-pool
117 verbose headers { date: 'Sat, 03 Jun 2017 12:09:56 GMT',
117 verbose headers   via: '1.1 varnish',
117 verbose headers   'cache-control': 'max-age=300',
117 verbose headers   etag: 'W/"58fedcb8-1bbd3"',
117 verbose headers   age: '178',
117 verbose headers   connection: 'keep-alive',
117 verbose headers   'x-served-by': 'cache-hhn1520-HHN',
117 verbose headers   'x-cache': 'HIT',
117 verbose headers   'x-cache-hits': '1',
117 verbose headers   'x-timer': 'S1496491797.885252,VS0,VE1',
117 verbose headers   vary: 'Accept-Encoding' }
118 silly get cb [ 304,
118 silly get   { date: 'Sat, 03 Jun 2017 12:09:56 GMT',
118 silly get     via: '1.1 varnish',
118 silly get     'cache-control': 'max-age=300',
118 silly get     etag: 'W/"58fedcb8-1bbd3"',
118 silly get     age: '178',
118 silly get     connection: 'keep-alive',
118 silly get     'x-served-by': 'cache-hhn1520-HHN',
118 silly get     'x-cache': 'HIT',
118 silly get     'x-cache-hits': '1',
118 silly get     'x-timer': 'S1496491797.885252,VS0,VE1',
118 silly get     vary: 'Accept-Encoding' } ]
119 verbose etag https://registry.npmjs.org/generic-pool from cache
120 verbose get saving generic-pool to C:\Users\kovac\AppData\Roaming\npm-cache\registry.npmjs.org\generic-pool\.cache.json
121 verbose correctMkdir C:\Users\kovac\AppData\Roaming\npm-cache correctMkdir already in flight; waiting
122 http 304 https://registry.npmjs.org/express
123 verbose headers { date: 'Sat, 03 Jun 2017 12:09:56 GMT',
123 verbose headers   via: '1.1 varnish',
123 verbose headers   'cache-control': 'max-age=300',
123 verbose headers   etag: 'W/"593273de-8cd3f"',
123 verbose headers   age: '65',
123 verbose headers   connection: 'keep-alive',
123 verbose headers   'x-served-by': 'cache-hhn1534-HHN',
123 verbose headers   'x-cache': 'HIT',
123 verbose headers   'x-cache-hits': '3',
123 verbose headers   'x-timer': 'S1496491797.896998,VS0,VE0',
123 verbose headers   vary: 'Accept-Encoding' }
124 silly get cb [ 304,
124 silly get   { date: 'Sat, 03 Jun 2017 12:09:56 GMT',
124 silly get     via: '1.1 varnish',
124 silly get     'cache-control': 'max-age=300',
124 silly get     etag: 'W/"593273de-8cd3f"',
124 silly get     age: '65',
124 silly get     connection: 'keep-alive',
124 silly get     'x-served-by': 'cache-hhn1534-HHN',
124 silly get     'x-cache': 'HIT',
124 silly get     'x-cache-hits': '3',
124 silly get     'x-timer': 'S1496491797.896998,VS0,VE0',
124 silly get     vary: 'Accept-Encoding' } ]
125 verbose etag https://registry.npmjs.org/express from cache
126 verbose get saving express to C:\Users\kovac\AppData\Roaming\npm-cache\registry.npmjs.org\express\.cache.json
127 verbose correctMkdir C:\Users\kovac\AppData\Roaming\npm-cache correctMkdir not in flight; initializing
128 http 304 https://registry.npmjs.org/jade
129 verbose headers { date: 'Sat, 03 Jun 2017 12:09:56 GMT',
129 verbose headers   via: '1.1 varnish',
129 verbose headers   'cache-control': 'max-age=300',
129 verbose headers   etag: 'W/"59230ad7-27b9d"',
129 verbose headers   age: '247',
129 verbose headers   connection: 'keep-alive',
129 verbose headers   'x-served-by': 'cache-hhn1551-HHN',
129 verbose headers   'x-cache': 'HIT',
129 verbose headers   'x-cache-hits': '1',
129 verbose headers   'x-timer': 'S1496491797.899238,VS0,VE0',
129 verbose headers   vary: 'Accept-Encoding' }
130 silly get cb [ 304,
130 silly get   { date: 'Sat, 03 Jun 2017 12:09:56 GMT',
130 silly get     via: '1.1 varnish',
130 silly get     'cache-control': 'max-age=300',
130 silly get     etag: 'W/"59230ad7-27b9d"',
130 silly get     age: '247',
130 silly get     connection: 'keep-alive',
130 silly get     'x-served-by': 'cache-hhn1551-HHN',
130 silly get     'x-cache': 'HIT',
130 silly get     'x-cache-hits': '1',
130 silly get     'x-timer': 'S1496491797.899238,VS0,VE0',
130 silly get     vary: 'Accept-Encoding' } ]
131 verbose etag https://registry.npmjs.org/jade from cache
132 verbose get saving jade to C:\Users\kovac\AppData\Roaming\npm-cache\registry.npmjs.org\jade\.cache.json
133 verbose correctMkdir C:\Users\kovac\AppData\Roaming\npm-cache correctMkdir not in flight; initializing
134 http 304 https://registry.npmjs.org/rethinkdb
135 verbose headers { date: 'Sat, 03 Jun 2017 12:09:56 GMT',
135 verbose headers   via: '1.1 varnish',
135 verbose headers   'cache-control': 'max-age=300',
135 verbose headers   etag: 'W/"59247b67-d518"',
135 verbose headers   age: '47',
135 verbose headers   connection: 'keep-alive',
135 verbose headers   'x-served-by': 'cache-hhn1539-HHN',
135 verbose headers   'x-cache': 'HIT',
135 verbose headers   'x-cache-hits': '1',
135 verbose headers   'x-timer': 'S1496491797.908810,VS0,VE0',
135 verbose headers   vary: 'Accept-Encoding' }
136 silly get cb [ 304,
136 silly get   { date: 'Sat, 03 Jun 2017 12:09:56 GMT',
136 silly get     via: '1.1 varnish',
136 silly get     'cache-control': 'max-age=300',
136 silly get     etag: 'W/"59247b67-d518"',
136 silly get     age: '47',
136 silly get     connection: 'keep-alive',
136 silly get     'x-served-by': 'cache-hhn1539-HHN',
136 silly get     'x-cache': 'HIT',
136 silly get     'x-cache-hits': '1',
136 silly get     'x-timer': 'S1496491797.908810,VS0,VE0',
136 silly get     vary: 'Accept-Encoding' } ]
137 verbose etag https://registry.npmjs.org/rethinkdb from cache
138 verbose get saving rethinkdb to C:\Users\kovac\AppData\Roaming\npm-cache\registry.npmjs.org\rethinkdb\.cache.json
139 verbose correctMkdir C:\Users\kovac\AppData\Roaming\npm-cache correctMkdir not in flight; initializing
140 http 304 https://registry.npmjs.org/moment
141 verbose headers { date: 'Sat, 03 Jun 2017 12:09:56 GMT',
141 verbose headers   via: '1.1 varnish',
141 verbose headers   'cache-control': 'max-age=300',
141 verbose headers   etag: 'W/"59312913-1c04f"',
141 verbose headers   age: '297',
141 verbose headers   connection: 'keep-alive',
141 verbose headers   'x-served-by': 'cache-hhn1546-HHN',
141 verbose headers   'x-cache': 'HIT',
141 verbose headers   'x-cache-hits': '2',
141 verbose headers   'x-timer': 'S1496491797.913381,VS0,VE0',
141 verbose headers   vary: 'Accept-Encoding' }
142 silly get cb [ 304,
142 silly get   { date: 'Sat, 03 Jun 2017 12:09:56 GMT',
142 silly get     via: '1.1 varnish',
142 silly get     'cache-control': 'max-age=300',
142 silly get     etag: 'W/"59312913-1c04f"',
142 silly get     age: '297',
142 silly get     connection: 'keep-alive',
142 silly get     'x-served-by': 'cache-hhn1546-HHN',
142 silly get     'x-cache': 'HIT',
142 silly get     'x-cache-hits': '2',
142 silly get     'x-timer': 'S1496491797.913381,VS0,VE0',
142 silly get     vary: 'Accept-Encoding' } ]
143 verbose etag https://registry.npmjs.org/moment from cache
144 verbose get saving moment to C:\Users\kovac\AppData\Roaming\npm-cache\registry.npmjs.org\moment\.cache.json
145 verbose correctMkdir C:\Users\kovac\AppData\Roaming\npm-cache correctMkdir not in flight; initializing
146 silly resolveWithNewModule generic-pool@3.1.7 checking installable status
147 silly cache add args [ 'generic-pool@>= 2.0.3', null ]
148 verbose cache add spec generic-pool@>= 2.0.3
149 silly cache add parsed spec Result {
149 silly cache add   raw: 'generic-pool@>= 2.0.3',
149 silly cache add   scope: null,
149 silly cache add   escapedName: 'generic-pool',
149 silly cache add   name: 'generic-pool',
149 silly cache add   rawSpec: '>= 2.0.3',
149 silly cache add   spec: '>=2.0.3',
149 silly cache add   type: 'range' }
150 silly addNamed generic-pool@>=2.0.3
151 verbose addNamed ">=2.0.3" is a valid semver range for generic-pool
152 silly addNameRange { name: 'generic-pool', range: '>=2.0.3', hasData: false }
153 silly mapToRegistry name generic-pool
154 silly mapToRegistry using default registry
155 silly mapToRegistry registry https://registry.npmjs.org/
156 silly mapToRegistry data Result {
156 silly mapToRegistry   raw: 'generic-pool',
156 silly mapToRegistry   scope: null,
156 silly mapToRegistry   escapedName: 'generic-pool',
156 silly mapToRegistry   name: 'generic-pool',
156 silly mapToRegistry   rawSpec: '',
156 silly mapToRegistry   spec: 'latest',
156 silly mapToRegistry   type: 'tag' }
157 silly mapToRegistry uri https://registry.npmjs.org/generic-pool
158 verbose addNameRange registry:https://registry.npmjs.org/generic-pool not in flight; fetching
159 silly resolveWithNewModule stylus@0.31.0 checking installable status
160 silly cache add args [ 'stylus@0.31.0', null ]
161 verbose cache add spec stylus@0.31.0
162 silly cache add parsed spec Result {
162 silly cache add   raw: 'stylus@0.31.0',
162 silly cache add   scope: null,
162 silly cache add   escapedName: 'stylus',
162 silly cache add   name: 'stylus',
162 silly cache add   rawSpec: '0.31.0',
162 silly cache add   spec: '0.31.0',
162 silly cache add   type: 'version' }
163 silly addNamed stylus@0.31.0
164 verbose addNamed "0.31.0" is a plain semver version for stylus
165 silly mapToRegistry name stylus
166 silly mapToRegistry using default registry
167 silly mapToRegistry registry https://registry.npmjs.org/
168 silly mapToRegistry data Result {
168 silly mapToRegistry   raw: 'stylus',
168 silly mapToRegistry   scope: null,
168 silly mapToRegistry   escapedName: 'stylus',
168 silly mapToRegistry   name: 'stylus',
168 silly mapToRegistry   rawSpec: '',
168 silly mapToRegistry   spec: 'latest',
168 silly mapToRegistry   type: 'tag' }
169 silly mapToRegistry uri https://registry.npmjs.org/stylus
170 verbose addNameVersion registry:https://registry.npmjs.org/stylus not in flight; fetching
171 silly resolveWithNewModule emailjs@0.3.3 checking installable status
172 silly cache add args [ 'emailjs@0.3.3', null ]
173 verbose cache add spec emailjs@0.3.3
174 silly cache add parsed spec Result {
174 silly cache add   raw: 'emailjs@0.3.3',
174 silly cache add   scope: null,
174 silly cache add   escapedName: 'emailjs',
174 silly cache add   name: 'emailjs',
174 silly cache add   rawSpec: '0.3.3',
174 silly cache add   spec: '0.3.3',
174 silly cache add   type: 'version' }
175 silly addNamed emailjs@0.3.3
176 verbose addNamed "0.3.3" is a plain semver version for emailjs
177 silly mapToRegistry name emailjs
178 silly mapToRegistry using default registry
179 silly mapToRegistry registry https://registry.npmjs.org/
180 silly mapToRegistry data Result {
180 silly mapToRegistry   raw: 'emailjs',
180 silly mapToRegistry   scope: null,
180 silly mapToRegistry   escapedName: 'emailjs',
180 silly mapToRegistry   name: 'emailjs',
180 silly mapToRegistry   rawSpec: '',
180 silly mapToRegistry   spec: 'latest',
180 silly mapToRegistry   type: 'tag' }
181 silly mapToRegistry uri https://registry.npmjs.org/emailjs
182 verbose addNameVersion registry:https://registry.npmjs.org/emailjs not in flight; fetching
183 silly resolveWithNewModule express@3.0.6 checking installable status
184 silly cache add args [ 'express@3.0.6', null ]
185 verbose cache add spec express@3.0.6
186 silly cache add parsed spec Result {
186 silly cache add   raw: 'express@3.0.6',
186 silly cache add   scope: null,
186 silly cache add   escapedName: 'express',
186 silly cache add   name: 'express',
186 silly cache add   rawSpec: '3.0.6',
186 silly cache add   spec: '3.0.6',
186 silly cache add   type: 'version' }
187 silly addNamed express@3.0.6
188 verbose addNamed "3.0.6" is a plain semver version for express
189 silly mapToRegistry name express
190 silly mapToRegistry using default registry
191 silly mapToRegistry registry https://registry.npmjs.org/
192 silly mapToRegistry data Result {
192 silly mapToRegistry   raw: 'express',
192 silly mapToRegistry   scope: null,
192 silly mapToRegistry   escapedName: 'express',
192 silly mapToRegistry   name: 'express',
192 silly mapToRegistry   rawSpec: '',
192 silly mapToRegistry   spec: 'latest',
192 silly mapToRegistry   type: 'tag' }
193 silly mapToRegistry uri https://registry.npmjs.org/express
194 verbose addNameVersion registry:https://registry.npmjs.org/express not in flight; fetching
195 silly resolveWithNewModule jade@0.27.7 checking installable status
196 silly cache add args [ 'jade@0.27.7', null ]
197 verbose cache add spec jade@0.27.7
198 silly cache add parsed spec Result {
198 silly cache add   raw: 'jade@0.27.7',
198 silly cache add   scope: null,
198 silly cache add   escapedName: 'jade',
198 silly cache add   name: 'jade',
198 silly cache add   rawSpec: '0.27.7',
198 silly cache add   spec: '0.27.7',
198 silly cache add   type: 'version' }
199 silly addNamed jade@0.27.7
200 verbose addNamed "0.27.7" is a plain semver version for jade
201 silly mapToRegistry name jade
202 silly mapToRegistry using default registry
203 silly mapToRegistry registry https://registry.npmjs.org/
204 silly mapToRegistry data Result {
204 silly mapToRegistry   raw: 'jade',
204 silly mapToRegistry   scope: null,
204 silly mapToRegistry   escapedName: 'jade',
204 silly mapToRegistry   name: 'jade',
204 silly mapToRegistry   rawSpec: '',
204 silly mapToRegistry   spec: 'latest',
204 silly mapToRegistry   type: 'tag' }
205 silly mapToRegistry uri https://registry.npmjs.org/jade
206 verbose addNameVersion registry:https://registry.npmjs.org/jade not in flight; fetching
207 silly fetchNamedPackageData No valid target from cache, forcing network
208 verbose request uri https://registry.npmjs.org/rethinkdb
209 verbose request no auth needed
210 info attempt registry request try #1 at 14:09:56
211 http request GET https://registry.npmjs.org/rethinkdb
212 verbose get https://registry.npmjs.org/generic-pool not expired, no request
213 silly addNameRange number 2 { name: 'generic-pool', range: '>=2.0.3', hasData: true }
214 silly addNameRange versions [ 'generic-pool',
214 silly addNameRange   [ '1.0.0',
214 silly addNameRange     '1.0.1',
214 silly addNameRange     '1.0.2',
214 silly addNameRange     '1.0.3',
214 silly addNameRange     '1.0.4',
214 silly addNameRange     '1.0.5',
214 silly addNameRange     '1.0.6',
214 silly addNameRange     '1.0.7',
214 silly addNameRange     '1.0.8',
214 silly addNameRange     '1.0.9',
214 silly addNameRange     '1.0.10',
214 silly addNameRange     '1.0.11',
214 silly addNameRange     '1.0.12',
214 silly addNameRange     '2.0.0',
214 silly addNameRange     '2.0.1',
214 silly addNameRange     '2.0.2',
214 silly addNameRange     '2.0.3',
214 silly addNameRange     '2.0.4',
214 silly addNameRange     '2.1.0',
214 silly addNameRange     '2.1.1',
214 silly addNameRange     '2.2.0',
214 silly addNameRange     '2.2.1',
214 silly addNameRange     '2.2.2',
214 silly addNameRange     '2.3.0',
214 silly addNameRange     '2.3.1',
214 silly addNameRange     '2.4.0',
214 silly addNameRange     '2.4.1',
214 silly addNameRange     '2.4.2',
214 silly addNameRange     '3.0.0-alpha',
214 silly addNameRange     '3.0.0-alpha.1',
214 silly addNameRange     '3.0.0-alpha.2',
214 silly addNameRange     '3.0.0-alpha.3',
214 silly addNameRange     '3.0.0-alpha.4',
214 silly addNameRange     '3.0.0-alpha.5',
214 silly addNameRange     '3.0.0-alpha.6',
214 silly addNameRange     '3.0.0-alpha.7',
214 silly addNameRange     '3.0.0-alpha.8',
214 silly addNameRange     '2.4.3',
214 silly addNameRange     '3.0.0-alpha.9',
214 silly addNameRange     '3.0.0-beta.1',
214 silly addNameRange     '3.0.0',
214 silly addNameRange     '3.0.1',
214 silly addNameRange     '3.1.0',
214 silly addNameRange     '2.4.4',
214 silly addNameRange     '3.1.1',
214 silly addNameRange     '2.4.6',
214 silly addNameRange     '2.5.0',
214 silly addNameRange     '3.1.2',
214 silly addNameRange     '3.1.3',
214 silly addNameRange     '3.1.4',
214 silly addNameRange     '3.1.5',
214 silly addNameRange     '3.1.6',
214 silly addNameRange     '2.5.1',
214 silly addNameRange     '2.5.2',
214 silly addNameRange     '2.5.3',
214 silly addNameRange     '2.5.4',
214 silly addNameRange     '3.1.7' ] ]
215 silly addNamed generic-pool@3.1.7
216 verbose addNamed "3.1.7" is a plain semver version for generic-pool
217 verbose get https://registry.npmjs.org/stylus not expired, no request
218 verbose get https://registry.npmjs.org/emailjs not expired, no request
219 verbose get https://registry.npmjs.org/jade not expired, no request
220 warn deprecated jade@0.27.7: Jade has been renamed to pug, please install the latest version of pug instead of jade
221 silly resolveWithNewModule moment@1.7.2 checking installable status
222 silly cache add args [ 'moment@1.7.2', null ]
223 verbose cache add spec moment@1.7.2
224 silly cache add parsed spec Result {
224 silly cache add   raw: 'moment@1.7.2',
224 silly cache add   scope: null,
224 silly cache add   escapedName: 'moment',
224 silly cache add   name: 'moment',
224 silly cache add   rawSpec: '1.7.2',
224 silly cache add   spec: '1.7.2',
224 silly cache add   type: 'version' }
225 silly addNamed moment@1.7.2
226 verbose addNamed "1.7.2" is a plain semver version for moment
227 silly mapToRegistry name moment
228 silly mapToRegistry using default registry
229 silly mapToRegistry registry https://registry.npmjs.org/
230 silly mapToRegistry data Result {
230 silly mapToRegistry   raw: 'moment',
230 silly mapToRegistry   scope: null,
230 silly mapToRegistry   escapedName: 'moment',
230 silly mapToRegistry   name: 'moment',
230 silly mapToRegistry   rawSpec: '',
230 silly mapToRegistry   spec: 'latest',
230 silly mapToRegistry   type: 'tag' }
231 silly mapToRegistry uri https://registry.npmjs.org/moment
232 verbose addNameVersion registry:https://registry.npmjs.org/moment not in flight; fetching
233 verbose get https://registry.npmjs.org/express not expired, no request
234 silly cache afterAdd generic-pool@3.1.7
235 verbose afterAdd C:\Users\kovac\AppData\Roaming\npm-cache\generic-pool\3.1.7\package\package.json not in flight; writing
236 verbose correctMkdir C:\Users\kovac\AppData\Roaming\npm-cache correctMkdir not in flight; initializing
237 silly cache afterAdd emailjs@0.3.3
238 verbose afterAdd C:\Users\kovac\AppData\Roaming\npm-cache\emailjs\0.3.3\package\package.json not in flight; writing
239 verbose correctMkdir C:\Users\kovac\AppData\Roaming\npm-cache correctMkdir not in flight; initializing
240 verbose get https://registry.npmjs.org/moment not expired, no request
241 silly cache afterAdd stylus@0.31.0
242 verbose afterAdd C:\Users\kovac\AppData\Roaming\npm-cache\stylus\0.31.0\package\package.json not in flight; writing
243 verbose correctMkdir C:\Users\kovac\AppData\Roaming\npm-cache correctMkdir not in flight; initializing
244 http 200 https://registry.npmjs.org/rethinkdb
245 verbose headers { server: 'nginx/1.10.1',
245 verbose headers   'content-type': 'application/json',
245 verbose headers   'last-modified': 'Tue, 23 May 2017 18:11:51 GMT',
245 verbose headers   etag: 'W/"59247b67-d518"',
245 verbose headers   'content-encoding': 'gzip',
245 verbose headers   'cache-control': 'max-age=300',
245 verbose headers   'content-length': '5037',
245 verbose headers   'accept-ranges': 'bytes',
245 verbose headers   date: 'Sat, 03 Jun 2017 12:09:57 GMT',
245 verbose headers   via: '1.1 varnish',
245 verbose headers   age: '47',
245 verbose headers   connection: 'keep-alive',
245 verbose headers   'x-served-by': 'cache-hhn1540-HHN',
245 verbose headers   'x-cache': 'HIT',
245 verbose headers   'x-cache-hits': '1',
245 verbose headers   'x-timer': 'S1496491797.168726,VS0,VE0',
245 verbose headers   vary: 'Accept-Encoding' }
246 silly get cb [ 200,
246 silly get   { server: 'nginx/1.10.1',
246 silly get     'content-type': 'application/json',
246 silly get     'last-modified': 'Tue, 23 May 2017 18:11:51 GMT',
246 silly get     etag: 'W/"59247b67-d518"',
246 silly get     'content-encoding': 'gzip',
246 silly get     'cache-control': 'max-age=300',
246 silly get     'content-length': '5037',
246 silly get     'accept-ranges': 'bytes',
246 silly get     date: 'Sat, 03 Jun 2017 12:09:57 GMT',
246 silly get     via: '1.1 varnish',
246 silly get     age: '47',
246 silly get     connection: 'keep-alive',
246 silly get     'x-served-by': 'cache-hhn1540-HHN',
246 silly get     'x-cache': 'HIT',
246 silly get     'x-cache-hits': '1',
246 silly get     'x-timer': 'S1496491797.168726,VS0,VE0',
246 silly get     vary: 'Accept-Encoding' } ]
247 verbose get saving rethinkdb to C:\Users\kovac\AppData\Roaming\npm-cache\registry.npmjs.org\rethinkdb\.cache.json
248 verbose correctMkdir C:\Users\kovac\AppData\Roaming\npm-cache correctMkdir not in flight; initializing
249 silly cache afterAdd jade@0.27.7
250 verbose afterAdd C:\Users\kovac\AppData\Roaming\npm-cache\jade\0.27.7\package\package.json not in flight; writing
251 verbose correctMkdir C:\Users\kovac\AppData\Roaming\npm-cache correctMkdir not in flight; initializing
252 silly cache afterAdd express@3.0.6
253 verbose afterAdd C:\Users\kovac\AppData\Roaming\npm-cache\express\3.0.6\package\package.json not in flight; writing
254 verbose correctMkdir C:\Users\kovac\AppData\Roaming\npm-cache correctMkdir not in flight; initializing
255 silly cache afterAdd moment@1.7.2
256 verbose afterAdd C:\Users\kovac\AppData\Roaming\npm-cache\moment\1.7.2\package\package.json not in flight; writing
257 verbose correctMkdir C:\Users\kovac\AppData\Roaming\npm-cache correctMkdir not in flight; initializing
258 verbose afterAdd C:\Users\kovac\AppData\Roaming\npm-cache\generic-pool\3.1.7\package\package.json written
259 verbose afterAdd C:\Users\kovac\AppData\Roaming\npm-cache\emailjs\0.3.3\package\package.json written
260 verbose afterAdd C:\Users\kovac\AppData\Roaming\npm-cache\stylus\0.31.0\package\package.json written
261 verbose afterAdd C:\Users\kovac\AppData\Roaming\npm-cache\jade\0.27.7\package\package.json written
262 verbose afterAdd C:\Users\kovac\AppData\Roaming\npm-cache\express\3.0.6\package\package.json written
263 silly fetchPackageMetaData Error: No compatible version found: rethinkdb@1.4.x
263 silly fetchPackageMetaData Valid install targets:
263 silly fetchPackageMetaData 2.3.3, 2.3.2, 2.3.1, 2.3.0, 2.2.3, 2.2.2, 2.2.1, 2.2.0, 2.1.1, 2.1.0, 2.0.2, 2.0.0, 2.0.0-2, 2.0.0-1, 1.16.2, 1.16.1, 1.16.0, 1.15.0, 1.15.0-0, 1.14.0-0, 1.13.0-3, 1.13.0-2, 1.13.0-1, 1.13.0-0, 1.12.0-1, 1.12.0-0, 1.11.0-4, 1.11.0-3, 1.11.0-2, 1.11.0-1, 1.11.0-0, 1.10.0-0, 1.9.0-1, 1.9.0-0, 1.8.0-0, 1.7.0-2, 1.7.0-1, 1.6.0-0, 1.5.0-0, 1.4.0-3, 1.4.0-2, 1.4.0-1, 1.4.0-0, 1.2.6-1, 1.2.6-0, 1.2.5-0, 1.2.0-0
263 silly fetchPackageMetaData
263 silly fetchPackageMetaData     at pickVersionFromRegistryDocument (C:\Program Files\nodejs\node_modules\npm\lib\fetch-package-metadata.js:178:16)
263 silly fetchPackageMetaData     at C:\Program Files\nodejs\node_modules\npm\node_modules\iferr\index.js:13:50
263 silly fetchPackageMetaData     at C:\Program Files\nodejs\node_modules\npm\lib\utils\pulse-till-done.js:20:8
263 silly fetchPackageMetaData     at saved (C:\Program Files\nodejs\node_modules\npm\lib\cache\caching-client.js:174:7)
263 silly fetchPackageMetaData     at C:\Program Files\nodejs\node_modules\npm\node_modules\graceful-fs\polyfills.js:241:18
263 silly fetchPackageMetaData     at FSReqWrap.oncomplete (fs.js:123:15)
263 silly fetchPackageMetaData  error for rethinkdb@1.4.x { Error: No compatible version found: rethinkdb@1.4.x
263 silly fetchPackageMetaData Valid install targets:
263 silly fetchPackageMetaData 2.3.3, 2.3.2, 2.3.1, 2.3.0, 2.2.3, 2.2.2, 2.2.1, 2.2.0, 2.1.1, 2.1.0, 2.0.2, 2.0.0, 2.0.0-2, 2.0.0-1, 1.16.2, 1.16.1, 1.16.0, 1.15.0, 1.15.0-0, 1.14.0-0, 1.13.0-3, 1.13.0-2, 1.13.0-1, 1.13.0-0, 1.12.0-1, 1.12.0-0, 1.11.0-4, 1.11.0-3, 1.11.0-2, 1.11.0-1, 1.11.0-0, 1.10.0-0, 1.9.0-1, 1.9.0-0, 1.8.0-0, 1.7.0-2, 1.7.0-1, 1.6.0-0, 1.5.0-0, 1.4.0-3, 1.4.0-2, 1.4.0-1, 1.4.0-0, 1.2.6-1, 1.2.6-0, 1.2.5-0, 1.2.0-0
263 silly fetchPackageMetaData
263 silly fetchPackageMetaData     at pickVersionFromRegistryDocument (C:\Program Files\nodejs\node_modules\npm\lib\fetch-package-metadata.js:178:16)
263 silly fetchPackageMetaData     at C:\Program Files\nodejs\node_modules\npm\node_modules\iferr\index.js:13:50
263 silly fetchPackageMetaData     at C:\Program Files\nodejs\node_modules\npm\lib\utils\pulse-till-done.js:20:8
263 silly fetchPackageMetaData     at saved (C:\Program Files\nodejs\node_modules\npm\lib\cache\caching-client.js:174:7)
263 silly fetchPackageMetaData     at C:\Program Files\nodejs\node_modules\npm\node_modules\graceful-fs\polyfills.js:241:18
263 silly fetchPackageMetaData     at FSReqWrap.oncomplete (fs.js:123:15) code: 'ETARGET' }
264 verbose afterAdd C:\Users\kovac\AppData\Roaming\npm-cache\moment\1.7.2\package\package.json written
265 silly rollbackFailedOptional Starting
266 silly rollbackFailedOptional Finishing
267 silly runTopLevelLifecycles Finishing
268 silly install printInstalled
269 verbose stack Error: No compatible version found: rethinkdb@1.4.x
269 verbose stack Valid install targets:
269 verbose stack 2.3.3, 2.3.2, 2.3.1, 2.3.0, 2.2.3, 2.2.2, 2.2.1, 2.2.0, 2.1.1, 2.1.0, 2.0.2, 2.0.0, 2.0.0-2, 2.0.0-1, 1.16.2, 1.16.1, 1.16.0, 1.15.0, 1.15.0-0, 1.14.0-0, 1.13.0-3, 1.13.0-2, 1.13.0-1, 1.13.0-0, 1.12.0-1, 1.12.0-0, 1.11.0-4, 1.11.0-3, 1.11.0-2, 1.11.0-1, 1.11.0-0, 1.10.0-0, 1.9.0-1, 1.9.0-0, 1.8.0-0, 1.7.0-2, 1.7.0-1, 1.6.0-0, 1.5.0-0, 1.4.0-3, 1.4.0-2, 1.4.0-1, 1.4.0-0, 1.2.6-1, 1.2.6-0, 1.2.5-0, 1.2.0-0
269 verbose stack
269 verbose stack     at pickVersionFromRegistryDocument (C:\Program Files\nodejs\node_modules\npm\lib\fetch-package-metadata.js:178:16)
269 verbose stack     at C:\Program Files\nodejs\node_modules\npm\node_modules\iferr\index.js:13:50
269 verbose stack     at C:\Program Files\nodejs\node_modules\npm\lib\utils\pulse-till-done.js:20:8
269 verbose stack     at saved (C:\Program Files\nodejs\node_modules\npm\lib\cache\caching-client.js:174:7)
269 verbose stack     at C:\Program Files\nodejs\node_modules\npm\node_modules\graceful-fs\polyfills.js:241:18
269 verbose stack     at FSReqWrap.oncomplete (fs.js:123:15)
270 verbose cwd C:\Users\kovac\OneDrive\CHLoudServices\node-login-master\node-login-master
271 error Windows_NT 10.0.16199
272 error argv "C:\\Program Files\\nodejs\\node.exe" "C:\\Program Files\\nodejs\\node_modules\\npm\\bin\\npm-cli.js" "install"
273 error node v6.10.3
274 error npm  v3.10.10
275 error code ETARGET
276 error notarget No compatible version found: rethinkdb@1.4.x
276 error notarget Valid install targets:
276 error notarget 2.3.3, 2.3.2, 2.3.1, 2.3.0, 2.2.3, 2.2.2, 2.2.1, 2.2.0, 2.1.1, 2.1.0, 2.0.2, 2.0.0, 2.0.0-2, 2.0.0-1, 1.16.2, 1.16.1, 1.16.0, 1.15.0, 1.15.0-0, 1.14.0-0, 1.13.0-3, 1.13.0-2, 1.13.0-1, 1.13.0-0, 1.12.0-1, 1.12.0-0, 1.11.0-4, 1.11.0-3, 1.11.0-2, 1.11.0-1, 1.11.0-0, 1.10.0-0, 1.9.0-1, 1.9.0-0, 1.8.0-0, 1.7.0-2, 1.7.0-1, 1.6.0-0, 1.5.0-0, 1.4.0-3, 1.4.0-2, 1.4.0-1, 1.4.0-0, 1.2.6-1, 1.2.6-0, 1.2.5-0, 1.2.0-0
277 error notarget This is most likely not a problem with npm itself.
277 error notarget In most cases you or one of your dependencies are requesting
277 error notarget a package version that doesn't exist.
277 error notarget
277 error notarget It was specified as a dependency of 'node-login'
278 verbose exit [ 1, true ]
